/data/public/common/software/synopsys/L-2016.03-SP2/auxx/gui/dv/dv_setup.tcl
/data/public/common/software/synopsys/L-2016.03-SP2/auxx/gui/syn/snpsSynProcs.tcl
/data/public/common/software/synopsys/L-2016.03-SP2/auxx/gui/syn/layout/pkgIndex.tcl
/data/public/common/software/synopsys/L-2016.03-SP2/auxx/gui/common/libviewer/pkgIndex.tcl
/data/public/common/software/synopsys/L-2016.03-SP2/auxx/gui/common/mrupalette/pkgIndex.tcl
/data/public/common/software/synopsys/L-2016.03-SP2/auxx/gui/common/schematic/pkgIndex.tcl
/data/public/common/software/synopsys/L-2016.03-SP2/auxx/gui/common/strokes/pkgIndex.tcl
/data/public/common/software/synopsys/L-2016.03-SP2/auxx/gui/common/regressionToolkit/pkgIndex.tcl
/data/public/common/software/synopsys/L-2016.03-SP2/auxx/gui/common/WindowFrameWork/pkgIndex.tcl
/data/public/common/software/synopsys/L-2016.03-SP2/auxx/gui/common/view/pkgIndex.tcl
/data/public/common/software/synopsys/L-2016.03-SP2/auxx/gui/common/palettegroup/pkgIndex.tcl
/data/public/common/software/synopsys/L-2016.03-SP2/auxx/gui/common/hierarchy/pkgIndex.tcl
/data/public/common/software/synopsys/L-2016.03-SP2/auxx/gui/common/tq/pkgIndex.tcl
/data/public/common/software/synopsys/L-2016.03-SP2/auxx/gui/common/qtcl/pkgIndex.tcl
/data/public/common/software/synopsys/L-2016.03-SP2/auxx/gui/common/opdlg/pkgIndex.tcl
/data/public/common/software/synopsys/L-2016.03-SP2/auxx/gui/common/layout/pkgIndex.tcl
/data/public/common/software/synopsys/L-2016.03-SP2/auxx/gui/common/fanoutviewer/pkgIndex.tcl
/data/public/common/software/synopsys/L-2016.03-SP2/auxx/gui/common/tcl-dp/pkgIndex.tcl
/data/public/common/software/synopsys/L-2016.03-SP2/auxx/gui/common/highlight/pkgIndex.tcl
/data/public/common/software/synopsys/L-2016.03-SP2/auxx/gui/common/histogram/pkgIndex.tcl
/data/public/common/software/synopsys/L-2016.03-SP2/auxx/gui/common/misc/pkgIndex.tcl
/data/public/common/software/synopsys/L-2016.03-SP2/auxx/gui/common/timing/pkgIndex.tcl
/data/public/common/software/synopsys/L-2016.03-SP2/auxx/gui/common/menus/pkgIndex.tcl
/data/public/common/software/synopsys/L-2016.03-SP2/auxx/gui/common/pathinspector/pkgIndex.tcl
/data/public/common/software/synopsys/L-2016.03-SP2/auxx/gui/common/setup/pkgIndex.tcl
/data/public/common/software/synopsys/L-2016.03-SP2/auxx/gui/common/tiledview/pkgIndex.tcl
/data/public/common/software/synopsys/L-2016.03-SP2/auxx/gui/common/acg/pkgIndex.tcl
/data/public/common/software/synopsys/L-2016.03-SP2/auxx/gui/common/select/pkgIndex.tcl
/data/public/common/software/synopsys/L-2016.03-SP2/auxx/gui/common/docBrowser/pkgIndex.tcl
/data/public/common/software/synopsys/L-2016.03-SP2/auxx/gui/common/profiler/pkgIndex.tcl
/data/public/common/software/synopsys/L-2016.03-SP2/auxx/gui/common/commandform/pkgIndex.tcl
/data/public/common/software/synopsys/L-2016.03-SP2/auxx/gui/common/table/pkgIndex.tcl
/data/public/common/software/synopsys/L-2016.03-SP2/auxx/gui/common/dialogs/pkgIndex.tcl
/data/public/common/software/synopsys/L-2016.03-SP2/auxx/gui/dv/pkgIndex.tcl
/data/public/common/software/synopsys/L-2016.03-SP2/auxx/syn/lib/pkgIndex.tcl
/data/public/common/software/synopsys/L-2016.03-SP2/auxx/tcllib/lib/iwidgets4.1/pkgIndex.tcl
/data/public/common/software/synopsys/L-2016.03-SP2/auxx/tcllib/snps_tcl/snpsTest/pkgIndex.tcl
/data/public/common/software/synopsys/L-2016.03-SP2/auxx/tcllib/snps_tcl/snpsUtils/pkgIndex.tcl
/data/public/common/software/synopsys/L-2016.03-SP2/auxx/tcllib/snps_tcl/snpsTclPro/pkgIndex.tcl
/data/public/common/software/synopsys/L-2016.03-SP2/auxx/tcllib/snps_tcl/pkgIndex.tcl
/data/public/common/software/synopsys/L-2016.03-SP2/auxx/tcllib/lib/tcl8.6/msgcat/pkgIndex.tcl
/data/public/common/software/synopsys/L-2016.03-SP2/auxx/tcllib/lib/tcl8.6/http/pkgIndex.tcl
/data/public/common/software/synopsys/L-2016.03-SP2/auxx/tcllib/lib/tcl8.6/opt/pkgIndex.tcl
/data/public/common/software/synopsys/L-2016.03-SP2/auxx/tcllib/lib/tcl8.6/dde/pkgIndex.tcl
/data/public/common/software/synopsys/L-2016.03-SP2/auxx/tcllib/lib/tcl8.6/http1.0/pkgIndex.tcl
/data/public/common/software/synopsys/L-2016.03-SP2/auxx/tcllib/lib/tcl8.6/platform/pkgIndex.tcl
/data/public/common/software/synopsys/L-2016.03-SP2/auxx/tcllib/lib/tcl8.6/tcltest/pkgIndex.tcl
/data/public/common/software/synopsys/L-2016.03-SP2/auxx/tcllib/lib/tcl8.6/reg/pkgIndex.tcl
/data/public/common/software/synopsys/L-2016.03-SP2/auxx/gui/common/setup/snpsCommonSetup.tcl
/data/public/common/software/synopsys/L-2016.03-SP2/auxx/gui/common/setup/snpsCustomize.tcl
/data/public/common/software/synopsys/L-2016.03-SP2/auxx/gui/common/setup/snpsProcheck.tcl
/data/public/common/software/synopsys/L-2016.03-SP2/auxx/gui/common/qtcl/.synopsys_qtcl.tcl
/data/public/common/software/synopsys/L-2016.03-SP2/auxx/gui/common/highlight/highlight.tcl
/data/public/common/software/synopsys/L-2016.03-SP2/auxx/gui/common/misc/base.tcl
/data/public/common/software/synopsys/L-2016.03-SP2/auxx/gui/common/misc/timing.tcl
/data/public/common/software/synopsys/L-2016.03-SP2/auxx/gui/common/misc/setting.tcl
/data/public/common/software/synopsys/L-2016.03-SP2/auxx/gui/common/misc/preset.tcl
/data/public/common/software/synopsys/L-2016.03-SP2/auxx/gui/common/WindowFrameWork/windowFrameWork.tcl
/data/public/common/software/synopsys/L-2016.03-SP2/auxx/gui/common/WindowFrameWork/skipBusyCursorCmdList.tcl
/data/public/common/software/synopsys/L-2016.03-SP2/auxx/gui/common/docBrowser/docBrowser.tcl
/data/public/common/software/synopsys/L-2016.03-SP2/auxx/tcllib/snps_tcl/snpsUtils/snpsUtils.tcl
/data/public/common/software/synopsys/L-2016.03-SP2/auxx/gui/common/dialogs/ObjectChooser.tcl
/data/public/common/software/synopsys/L-2016.03-SP2/auxx/gui/common/misc/DialogObjectChooser.tcl
/data/public/common/software/synopsys/L-2016.03-SP2/auxx/gui/common/dialogs/HistBinInformation.tcl
/data/public/common/software/synopsys/L-2016.03-SP2/auxx/gui/common/dialogs/HistBin1Information.tcl
/data/public/common/software/synopsys/L-2016.03-SP2/auxx/gui/common/dialogs/BinsOnlyInformation.tcl
/data/public/common/software/synopsys/L-2016.03-SP2/auxx/gui/common/dialogs/FileChooser.tcl
/data/public/common/software/synopsys/L-2016.03-SP2/auxx/gui/common/dialogs/PathPinSimpleInfo.tcl
/data/public/common/software/synopsys/L-2016.03-SP2/auxx/gui/common/dialogs/PathsBasicInfo.tcl
/data/public/common/software/synopsys/L-2016.03-SP2/auxx/gui/common/dialogs/PathsBasicSimpleInfo.tcl
/data/public/common/software/synopsys/L-2016.03-SP2/auxx/gui/common/dialogs/SlctOperationInfo.tcl
/data/public/common/software/synopsys/L-2016.03-SP2/auxx/gui/common/dialogs/ObjectListInfo.tcl
/data/public/common/software/synopsys/L-2016.03-SP2/auxx/gui/common/dialogs/FanInOutInfo.tcl
/data/public/common/software/synopsys/L-2016.03-SP2/auxx/gui/common/dialogs/NumberOfLevelsChooser.tcl
/data/public/common/software/synopsys/L-2016.03-SP2/auxx/gui/common/dialogs/WindowReuseInfo.tcl
/data/public/common/software/synopsys/L-2016.03-SP2/auxx/gui/common/dialogs/ReportOutputOptionInfo.tcl
/data/public/common/software/synopsys/L-2016.03-SP2/auxx/gui/common/setup/snpsCollections.tcl
/data/public/common/software/synopsys/L-2016.03-SP2/auxx/gui/common/dialogs/CompileLinkDesign.tcl
/data/public/common/software/synopsys/L-2016.03-SP2/auxx/gui/common/histogram/DialogEndpointSlack.tcl
/data/public/common/software/synopsys/L-2016.03-SP2/auxx/gui/common/histogram/DialogPathsSlack.tcl
/data/public/common/software/synopsys/L-2016.03-SP2/auxx/gui/common/histogram/DialogNetCapacitance.tcl
/data/public/common/software/synopsys/L-2016.03-SP2/auxx/gui/common/schematic/DialogPathSchematicFanInOut.tcl
/data/public/common/software/synopsys/L-2016.03-SP2/auxx/gui/common/schematic/DialogPathSchematicAddPaths.tcl
/home/jrkoning/epo3git/epo3biem/plot.tcl
/data/public/common/software/synopsys/L-2016.03-SP2/libraries/syn/gtech.db
/data/public/common/software/synopsys/L-2016.03-SP2/libraries/syn/standard.sldb
/home/jrkoning/epo3git/epo3biem/ADB/pos.ddc
/data/public/common/software/opprog/synth_libs/g_digilib5_99.db
/data/public/common/software/synopsys/L-2016.03-SP2/auxx/tcllib/lib/tk8.6/tk.tcl
/data/public/common/software/synopsys/L-2016.03-SP2/auxx/tcllib/lib/tcl8.6/msgcat/msgcat.tcl
/data/public/common/software/synopsys/L-2016.03-SP2/auxx/tcllib/lib/tk8.6/icons.tcl
/data/public/common/software/synopsys/L-2016.03-SP2/auxx/tcllib/lib/tk8.6/button.tcl
/data/public/common/software/synopsys/L-2016.03-SP2/auxx/tcllib/lib/tk8.6/entry.tcl
/data/public/common/software/synopsys/L-2016.03-SP2/auxx/tcllib/lib/tk8.6/listbox.tcl
/data/public/common/software/synopsys/L-2016.03-SP2/auxx/tcllib/lib/tk8.6/menu.tcl
/data/public/common/software/synopsys/L-2016.03-SP2/auxx/tcllib/lib/tk8.6/panedwindow.tcl
/data/public/common/software/synopsys/L-2016.03-SP2/auxx/tcllib/lib/tk8.6/scale.tcl
/data/public/common/software/synopsys/L-2016.03-SP2/auxx/tcllib/lib/tk8.6/scrlbar.tcl
/data/public/common/software/synopsys/L-2016.03-SP2/auxx/tcllib/lib/tk8.6/spinbox.tcl
/data/public/common/software/synopsys/L-2016.03-SP2/auxx/tcllib/lib/tk8.6/text.tcl
/data/public/common/software/synopsys/L-2016.03-SP2/auxx/tcllib/lib/tk8.6/ttk/ttk.tcl
/data/public/common/software/synopsys/L-2016.03-SP2/auxx/tcllib/lib/tk8.6/ttk/fonts.tcl
/data/public/common/software/synopsys/L-2016.03-SP2/auxx/tcllib/lib/tk8.6/ttk/cursors.tcl
/data/public/common/software/synopsys/L-2016.03-SP2/auxx/tcllib/lib/tk8.6/ttk/utils.tcl
/data/public/common/software/synopsys/L-2016.03-SP2/auxx/tcllib/lib/tk8.6/ttk/button.tcl
/data/public/common/software/synopsys/L-2016.03-SP2/auxx/tcllib/lib/tk8.6/ttk/menubutton.tcl
/data/public/common/software/synopsys/L-2016.03-SP2/auxx/tcllib/lib/tk8.6/ttk/scrollbar.tcl
/data/public/common/software/synopsys/L-2016.03-SP2/auxx/tcllib/lib/tk8.6/ttk/scale.tcl
/data/public/common/software/synopsys/L-2016.03-SP2/auxx/tcllib/lib/tk8.6/ttk/progress.tcl
/data/public/common/software/synopsys/L-2016.03-SP2/auxx/tcllib/lib/tk8.6/ttk/notebook.tcl
/data/public/common/software/synopsys/L-2016.03-SP2/auxx/tcllib/lib/tk8.6/ttk/panedwindow.tcl
/data/public/common/software/synopsys/L-2016.03-SP2/auxx/tcllib/lib/tk8.6/ttk/entry.tcl
/data/public/common/software/synopsys/L-2016.03-SP2/auxx/tcllib/lib/tk8.6/ttk/combobox.tcl
/data/public/common/software/synopsys/L-2016.03-SP2/auxx/tcllib/lib/tk8.6/ttk/spinbox.tcl
/data/public/common/software/synopsys/L-2016.03-SP2/auxx/tcllib/lib/tk8.6/ttk/treeview.tcl
/data/public/common/software/synopsys/L-2016.03-SP2/auxx/tcllib/lib/tk8.6/ttk/sizegrip.tcl
/data/public/common/software/synopsys/L-2016.03-SP2/auxx/tcllib/lib/tk8.6/ttk/defaults.tcl
/data/public/common/software/synopsys/L-2016.03-SP2/auxx/tcllib/lib/tk8.6/ttk/classicTheme.tcl
/data/public/common/software/synopsys/L-2016.03-SP2/auxx/tcllib/lib/tk8.6/ttk/altTheme.tcl
