Analysis & Synthesis report for top_de1
Fri Dec 15 10:40:35 2017
Quartus II 32-bit Version 13.0.1 Build 232 06/12/2013 Service Pack 1 SJ Full Version


---------------------
; Table of Contents ;
---------------------
  1. Legal Notice
  2. Analysis & Synthesis Summary
  3. Analysis & Synthesis Settings
  4. Parallel Compilation
  5. Analysis & Synthesis Source Files Read
  6. Analysis & Synthesis Resource Usage Summary
  7. Analysis & Synthesis Resource Utilization by Entity
  8. State Machine - |top_de1|helicopter:inst2|pos:lbl1|state
  9. Registers Removed During Synthesis
 10. General Register Statistics
 11. Multiplexer Restructuring Statistics (Restructuring Performed)
 12. Parameter Settings for User Entity Instance: vga_controller:inst4
 13. Elapsed Time Per Partition
 14. Analysis & Synthesis Messages



----------------
; Legal Notice ;
----------------
Copyright (C) 1991-2013 Altera Corporation
Your use of Altera Corporation's design tools, logic functions 
and other software and tools, and its AMPP partner logic 
functions, and any output files from any of the foregoing 
(including device programming or simulation files), and any 
associated documentation or information are expressly subject 
to the terms and conditions of the Altera Program License 
Subscription Agreement, Altera MegaCore Function License 
Agreement, or other applicable license agreement, including, 
without limitation, that your use is for the sole purpose of 
programming logic devices manufactured by Altera and sold by 
Altera or its authorized distributors.  Please refer to the 
applicable agreement for further details.



+---------------------------------------------------------------------------------------+
; Analysis & Synthesis Summary                                                          ;
+------------------------------------+--------------------------------------------------+
; Analysis & Synthesis Status        ; Successful - Fri Dec 15 10:40:35 2017            ;
; Quartus II 32-bit Version          ; 13.0.1 Build 232 06/12/2013 SP 1 SJ Full Version ;
; Revision Name                      ; top_de1                                          ;
; Top-level Entity Name              ; top_de1                                          ;
; Family                             ; Cyclone II                                       ;
; Total logic elements               ; 93                                               ;
;     Total combinational functions  ; 93                                               ;
;     Dedicated logic registers      ; 45                                               ;
; Total registers                    ; 45                                               ;
; Total pins                         ; 19                                               ;
; Total virtual pins                 ; 0                                                ;
; Total memory bits                  ; 0                                                ;
; Embedded Multiplier 9-bit elements ; 0                                                ;
; Total PLLs                         ; 0                                                ;
+------------------------------------+--------------------------------------------------+


+----------------------------------------------------------------------------------------------------------------------+
; Analysis & Synthesis Settings                                                                                        ;
+----------------------------------------------------------------------------+--------------------+--------------------+
; Option                                                                     ; Setting            ; Default Value      ;
+----------------------------------------------------------------------------+--------------------+--------------------+
; Device                                                                     ; EP2C20F484C7       ;                    ;
; Top-level entity name                                                      ; top_de1            ; top_de1            ;
; Family name                                                                ; Cyclone II         ; Cyclone IV GX      ;
; Use smart compilation                                                      ; Off                ; Off                ;
; Enable parallel Assembler and TimeQuest Timing Analyzer during compilation ; On                 ; On                 ;
; Enable compact report table                                                ; Off                ; Off                ;
; Restructure Multiplexers                                                   ; Auto               ; Auto               ;
; Create Debugging Nodes for IP Cores                                        ; Off                ; Off                ;
; Preserve fewer node names                                                  ; On                 ; On                 ;
; Disable OpenCore Plus hardware evaluation                                  ; Off                ; Off                ;
; Verilog Version                                                            ; Verilog_2001       ; Verilog_2001       ;
; VHDL Version                                                               ; VHDL_1993          ; VHDL_1993          ;
; State Machine Processing                                                   ; Auto               ; Auto               ;
; Safe State Machine                                                         ; Off                ; Off                ;
; Extract Verilog State Machines                                             ; On                 ; On                 ;
; Extract VHDL State Machines                                                ; On                 ; On                 ;
; Ignore Verilog initial constructs                                          ; Off                ; Off                ;
; Iteration limit for constant Verilog loops                                 ; 5000               ; 5000               ;
; Iteration limit for non-constant Verilog loops                             ; 250                ; 250                ;
; Add Pass-Through Logic to Inferred RAMs                                    ; On                 ; On                 ;
; Infer RAMs from Raw Logic                                                  ; On                 ; On                 ;
; Parallel Synthesis                                                         ; On                 ; On                 ;
; DSP Block Balancing                                                        ; Auto               ; Auto               ;
; NOT Gate Push-Back                                                         ; On                 ; On                 ;
; Power-Up Don't Care                                                        ; On                 ; On                 ;
; Remove Redundant Logic Cells                                               ; Off                ; Off                ;
; Remove Duplicate Registers                                                 ; On                 ; On                 ;
; Ignore CARRY Buffers                                                       ; Off                ; Off                ;
; Ignore CASCADE Buffers                                                     ; Off                ; Off                ;
; Ignore GLOBAL Buffers                                                      ; Off                ; Off                ;
; Ignore ROW GLOBAL Buffers                                                  ; Off                ; Off                ;
; Ignore LCELL Buffers                                                       ; Off                ; Off                ;
; Ignore SOFT Buffers                                                        ; On                 ; On                 ;
; Limit AHDL Integers to 32 Bits                                             ; Off                ; Off                ;
; Optimization Technique                                                     ; Balanced           ; Balanced           ;
; Carry Chain Length                                                         ; 70                 ; 70                 ;
; Auto Carry Chains                                                          ; On                 ; On                 ;
; Auto Open-Drain Pins                                                       ; On                 ; On                 ;
; Perform WYSIWYG Primitive Resynthesis                                      ; Off                ; Off                ;
; Auto ROM Replacement                                                       ; On                 ; On                 ;
; Auto RAM Replacement                                                       ; On                 ; On                 ;
; Auto Shift Register Replacement                                            ; Auto               ; Auto               ;
; Allow Shift Register Merging across Hierarchies                            ; Auto               ; Auto               ;
; Auto Clock Enable Replacement                                              ; On                 ; On                 ;
; Strict RAM Replacement                                                     ; Off                ; Off                ;
; Allow Synchronous Control Signals                                          ; On                 ; On                 ;
; Force Use of Synchronous Clear Signals                                     ; Off                ; Off                ;
; Auto RAM to Logic Cell Conversion                                          ; Off                ; Off                ;
; Auto Resource Sharing                                                      ; Off                ; Off                ;
; Allow Any RAM Size For Recognition                                         ; Off                ; Off                ;
; Allow Any ROM Size For Recognition                                         ; Off                ; Off                ;
; Allow Any Shift Register Size For Recognition                              ; Off                ; Off                ;
; Use LogicLock Constraints during Resource Balancing                        ; On                 ; On                 ;
; Ignore translate_off and synthesis_off directives                          ; Off                ; Off                ;
; Timing-Driven Synthesis                                                    ; Off                ; Off                ;
; Report Parameter Settings                                                  ; On                 ; On                 ;
; Report Source Assignments                                                  ; On                 ; On                 ;
; Report Connectivity Checks                                                 ; On                 ; On                 ;
; Ignore Maximum Fan-Out Assignments                                         ; Off                ; Off                ;
; Synchronization Register Chain Length                                      ; 2                  ; 2                  ;
; PowerPlay Power Optimization                                               ; Normal compilation ; Normal compilation ;
; HDL message level                                                          ; Level2             ; Level2             ;
; Suppress Register Optimization Related Messages                            ; Off                ; Off                ;
; Number of Removed Registers Reported in Synthesis Report                   ; 5000               ; 5000               ;
; Number of Swept Nodes Reported in Synthesis Report                         ; 5000               ; 5000               ;
; Number of Inverted Registers Reported in Synthesis Report                  ; 100                ; 100                ;
; Clock MUX Protection                                                       ; On                 ; On                 ;
; Auto Gated Clock Conversion                                                ; Off                ; Off                ;
; Block Design Naming                                                        ; Auto               ; Auto               ;
; SDC constraint protection                                                  ; Off                ; Off                ;
; Synthesis Effort                                                           ; Auto               ; Auto               ;
; Shift Register Replacement - Allow Asynchronous Clear Signal               ; On                 ; On                 ;
; Pre-Mapping Resynthesis Optimization                                       ; Off                ; Off                ;
; Analysis & Synthesis Message Level                                         ; Medium             ; Medium             ;
; Disable Register Merging Across Hierarchies                                ; Auto               ; Auto               ;
; Resource Aware Inference For Block RAM                                     ; On                 ; On                 ;
; Synthesis Seed                                                             ; 1                  ; 1                  ;
+----------------------------------------------------------------------------+--------------------+--------------------+


+------------------------------------------+
; Parallel Compilation                     ;
+----------------------------+-------------+
; Processors                 ; Number      ;
+----------------------------+-------------+
; Number detected on machine ; 4           ;
; Maximum allowed            ; 4           ;
;                            ;             ;
; Average used               ; 1.00        ;
; Maximum used               ; 1           ;
;                            ;             ;
; Usage by Processor         ; % Time Used ;
;     Processor 1            ; 100.0%      ;
;     Processors 2-4         ;   0.0%      ;
+----------------------------+-------------+


+-------------------------------------------------------------------------------------------------------------------------------------------------------------------------+
; Analysis & Synthesis Source Files Read                                                                                                                                  ;
+----------------------------------+-----------------+------------------------------------+---------------------------------------------------------------------+---------+
; File Name with User-Entered Path ; Used in Netlist ; File Type                          ; File Name with Absolute Path                                        ; Library ;
+----------------------------------+-----------------+------------------------------------+---------------------------------------------------------------------+---------+
; ../VHDL/vga_controller.vhd       ; yes             ; User VHDL File                     ; /home/michaelkraaije/epo3git/epo3biem/VHDL/vga_controller.vhd       ;         ;
; ../VHDL/tld-helicopter.vhd       ; yes             ; User VHDL File                     ; /home/michaelkraaije/epo3git/epo3biem/VHDL/tld-helicopter.vhd       ;         ;
; ../VHDL/pos.vhd                  ; yes             ; User VHDL File                     ; /home/michaelkraaije/epo3git/epo3biem/VHDL/pos.vhd                  ;         ;
; ../VHDL/pos+.vhd                 ; yes             ; User VHDL File                     ; /home/michaelkraaije/epo3git/epo3biem/VHDL/pos+.vhd                 ;         ;
; ../VHDL/draw.vhd                 ; yes             ; User VHDL File                     ; /home/michaelkraaije/epo3git/epo3biem/VHDL/draw.vhd                 ;         ;
; ../VHDL/draw-renderer.vhd        ; yes             ; User VHDL File                     ; /home/michaelkraaije/epo3git/epo3biem/VHDL/draw-renderer.vhd        ;         ;
; ../VHDL/divider.vhd              ; yes             ; User VHDL File                     ; /home/michaelkraaije/epo3git/epo3biem/VHDL/divider.vhd              ;         ;
; top_de1.bdf                      ; yes             ; User Block Diagram/Schematic File  ; /home/michaelkraaije/epo3git/epo3biem/quartus_DE1/top_de1.bdf       ;         ;
; pre_vga_dac_4.vhd                ; yes             ; User VHDL File                     ; /home/michaelkraaije/epo3git/epo3biem/quartus_DE1/pre_vga_dac_4.vhd ;         ;
; gen6mhz.vhd                      ; yes             ; User VHDL File                     ; /home/michaelkraaije/epo3git/epo3biem/quartus_DE1/gen6mhz.vhd       ;         ;
+----------------------------------+-----------------+------------------------------------+---------------------------------------------------------------------+---------+


+----------------------------------------------------------------------+
; Analysis & Synthesis Resource Usage Summary                          ;
+---------------------------------------------+------------------------+
; Resource                                    ; Usage                  ;
+---------------------------------------------+------------------------+
; Estimated Total logic elements              ; 93                     ;
;                                             ;                        ;
; Total combinational functions               ; 93                     ;
; Logic element usage by number of LUT inputs ;                        ;
;     -- 4 input functions                    ; 39                     ;
;     -- 3 input functions                    ; 11                     ;
;     -- <=2 input functions                  ; 43                     ;
;                                             ;                        ;
; Logic elements by mode                      ;                        ;
;     -- normal mode                          ; 74                     ;
;     -- arithmetic mode                      ; 19                     ;
;                                             ;                        ;
; Total registers                             ; 45                     ;
;     -- Dedicated logic registers            ; 45                     ;
;     -- I/O registers                        ; 0                      ;
;                                             ;                        ;
; I/O pins                                    ; 19                     ;
; Embedded Multiplier 9-bit elements          ; 0                      ;
; Maximum fan-out node                        ; gen6mhz:inst1|count[2] ;
; Maximum fan-out                             ; 43                     ;
; Total fan-out                               ; 420                    ;
; Average fan-out                             ; 2.68                   ;
+---------------------------------------------+------------------------+


+-----------------------------------------------------------------------------------------------------------------------------------------------------------------------------------------------+
; Analysis & Synthesis Resource Utilization by Entity                                                                                                                                           ;
+----------------------------+-------------------+--------------+-------------+--------------+---------+-----------+------+--------------+---------------------------------------+--------------+
; Compilation Hierarchy Node ; LC Combinationals ; LC Registers ; Memory Bits ; DSP Elements ; DSP 9x9 ; DSP 18x18 ; Pins ; Virtual Pins ; Full Hierarchy Name                   ; Library Name ;
+----------------------------+-------------------+--------------+-------------+--------------+---------+-----------+------+--------------+---------------------------------------+--------------+
; |top_de1                   ; 93 (0)            ; 45 (0)       ; 0           ; 0            ; 0       ; 0         ; 19   ; 0            ; |top_de1                              ; work         ;
;    |divider:inst3|         ; 2 (2)             ; 2 (2)        ; 0           ; 0            ; 0       ; 0         ; 0    ; 0            ; |top_de1|divider:inst3                ; work         ;
;    |gen6mhz:inst1|         ; 3 (3)             ; 3 (3)        ; 0           ; 0            ; 0       ; 0         ; 0    ; 0            ; |top_de1|gen6mhz:inst1                ; work         ;
;    |helicopter:inst2|      ; 40 (0)            ; 7 (0)        ; 0           ; 0            ; 0       ; 0         ; 0    ; 0            ; |top_de1|helicopter:inst2             ; work         ;
;       |draw:lbl2|          ; 25 (25)           ; 0 (0)        ; 0           ; 0            ; 0       ; 0         ; 0    ; 0            ; |top_de1|helicopter:inst2|draw:lbl2   ; work         ;
;       |pos:lbl1|           ; 14 (14)           ; 7 (7)        ; 0           ; 0            ; 0       ; 0         ; 0    ; 0            ; |top_de1|helicopter:inst2|pos:lbl1    ; work         ;
;       |posnew:lbl0|        ; 1 (1)             ; 0 (0)        ; 0           ; 0            ; 0       ; 0         ; 0    ; 0            ; |top_de1|helicopter:inst2|posnew:lbl0 ; work         ;
;    |vga_controller:inst4|  ; 48 (48)           ; 33 (33)      ; 0           ; 0            ; 0       ; 0         ; 0    ; 0            ; |top_de1|vga_controller:inst4         ; work         ;
+----------------------------+-------------------+--------------+-------------+--------------+---------+-----------+------+--------------+---------------------------------------+--------------+
Note: For table entries with two numbers listed, the numbers in parentheses indicate the number of resources of the given type used by the specific entity alone. The numbers listed outside of parentheses indicate the total resources of the given type used by the specific entity and all of its sub-entities in the hierarchy.


Encoding Type:  One-Hot
+----------------------------------------------------------+
; State Machine - |top_de1|helicopter:inst2|pos:lbl1|state ;
+--------------+------------+-------------+----------------+
; Name         ; state.adds ; state.holds ; state.resets   ;
+--------------+------------+-------------+----------------+
; state.resets ; 0          ; 0           ; 0              ;
; state.holds  ; 0          ; 1           ; 1              ;
; state.adds   ; 1          ; 0           ; 1              ;
+--------------+------------+-------------+----------------+


+-------------------------------------------------------------+
; Registers Removed During Synthesis                          ;
+----------------------------------------+--------------------+
; Register name                          ; Reason for Removal ;
+----------------------------------------+--------------------+
; helicopter:inst2|pos:lbl1|state.resets ; Lost fanout        ;
; Total Number of Removed Registers = 1  ;                    ;
+----------------------------------------+--------------------+


+------------------------------------------------------+
; General Register Statistics                          ;
+----------------------------------------------+-------+
; Statistic                                    ; Value ;
+----------------------------------------------+-------+
; Total registers                              ; 45    ;
; Number of registers using Synchronous Clear  ; 22    ;
; Number of registers using Synchronous Load   ; 2     ;
; Number of registers using Asynchronous Clear ; 0     ;
; Number of registers using Asynchronous Load  ; 0     ;
; Number of registers using Clock Enable       ; 21    ;
; Number of registers using Preset             ; 0     ;
+----------------------------------------------+-------+


+--------------------------------------------------------------------------------------------------------------------------------------------------------+
; Multiplexer Restructuring Statistics (Restructuring Performed)                                                                                         ;
+--------------------+-----------+---------------+----------------------+------------------------+------------+------------------------------------------+
; Multiplexer Inputs ; Bus Width ; Baseline Area ; Area if Restructured ; Saving if Restructured ; Registered ; Example Multiplexer Output               ;
+--------------------+-----------+---------------+----------------------+------------------------+------------+------------------------------------------+
; 3:1                ; 5 bits    ; 10 LEs        ; 5 LEs                ; 5 LEs                  ; Yes        ; |top_de1|vga_controller:inst4|row[8]     ;
; 3:1                ; 6 bits    ; 12 LEs        ; 6 LEs                ; 6 LEs                  ; Yes        ; |top_de1|vga_controller:inst4|column[4]  ;
; 3:1                ; 8 bits    ; 16 LEs        ; 8 LEs                ; 8 LEs                  ; Yes        ; |top_de1|vga_controller:inst4|h_count[0] ;
; 4:1                ; 10 bits   ; 20 LEs        ; 10 LEs               ; 10 LEs                 ; Yes        ; |top_de1|vga_controller:inst4|v_count[1] ;
; 3:1                ; 2 bits    ; 4 LEs         ; 4 LEs                ; 0 LEs                  ; No         ; |top_de1|helicopter:inst2|pos:lbl1|state ;
+--------------------+-----------+---------------+----------------------+------------------------+------------+------------------------------------------+


+-------------------------------------------------------------------+
; Parameter Settings for User Entity Instance: vga_controller:inst4 ;
+----------------+-------+------------------------------------------+
; Parameter Name ; Value ; Type                                     ;
+----------------+-------+------------------------------------------+
; h_pulse        ; 24    ; Signed Integer                           ;
; h_bp           ; 12    ; Signed Integer                           ;
; h_pixels       ; 160   ; Signed Integer                           ;
; h_fp           ; 4     ; Signed Integer                           ;
; h_pol          ; '0'   ; Enumerated                               ;
; v_pulse        ; 3     ; Signed Integer                           ;
; v_bp           ; 38    ; Signed Integer                           ;
; v_pixels       ; 480   ; Signed Integer                           ;
; v_fp           ; 1     ; Signed Integer                           ;
; v_pol          ; '0'   ; Enumerated                               ;
+----------------+-------+------------------------------------------+
Note: In order to hide this table in the UI and the text report file, please set the "Show Parameter Settings in Synthesis Report" option in "Analysis and Synthesis Settings -> More Settings" to "Off".


+-------------------------------+
; Elapsed Time Per Partition    ;
+----------------+--------------+
; Partition Name ; Elapsed Time ;
+----------------+--------------+
; Top            ; 00:00:00     ;
+----------------+--------------+


+-------------------------------+
; Analysis & Synthesis Messages ;
+-------------------------------+
Info: *******************************************************************
Info: Running Quartus II 32-bit Analysis & Synthesis
    Info: Version 13.0.1 Build 232 06/12/2013 Service Pack 1 SJ Full Version
    Info: Processing started: Fri Dec 15 10:40:29 2017
Info: Command: quartus_map --read_settings_files=on --write_settings_files=off de1 -c top_de1
Info (20030): Parallel compilation is enabled and will use 4 of the 4 processors detected
Info (12021): Found 2 design units, including 1 entities, in source file /home/michaelkraaije/epo3git/epo3biem/VHDL/vga_controller.vhd
    Info (12022): Found design unit 1: vga_controller-behavior
    Info (12023): Found entity 1: vga_controller
Info (12021): Found 2 design units, including 1 entities, in source file /home/michaelkraaije/epo3git/epo3biem/VHDL/tld-helicopter.vhd
    Info (12022): Found design unit 1: helicopter-toplevel
    Info (12023): Found entity 1: helicopter
Info (12021): Found 2 design units, including 1 entities, in source file /home/michaelkraaije/epo3git/epo3biem/VHDL/pos.vhd
    Info (12022): Found design unit 1: pos-statemachine
    Info (12023): Found entity 1: pos
Info (12021): Found 2 design units, including 1 entities, in source file /home/michaelkraaije/epo3git/epo3biem/VHDL/pos+.vhd
    Info (12022): Found design unit 1: posnew-nextcopter
    Info (12023): Found entity 1: posnew
Info (12021): Found 1 design units, including 1 entities, in source file /home/michaelkraaije/epo3git/epo3biem/VHDL/draw.vhd
    Info (12023): Found entity 1: draw
Info (12021): Found 1 design units, including 0 entities, in source file /home/michaelkraaije/epo3git/epo3biem/VHDL/draw-renderer.vhd
    Info (12022): Found design unit 1: draw-renderer
Info (12021): Found 2 design units, including 1 entities, in source file /home/michaelkraaije/epo3git/epo3biem/VHDL/divider.vhd
    Info (12022): Found design unit 1: divider-behavior
    Info (12023): Found entity 1: divider
Info (12021): Found 1 design units, including 1 entities, in source file top_de1.bdf
    Info (12023): Found entity 1: top_de1
Info (12021): Found 2 design units, including 1 entities, in source file pre_vga_dac_4.vhd
    Info (12022): Found design unit 1: pre_vga_dac_4-signal_flow
    Info (12023): Found entity 1: pre_vga_dac_4
Info (12021): Found 2 design units, including 1 entities, in source file gen6mhz.vhd
    Info (12022): Found design unit 1: gen6mhz-behaviour
    Info (12023): Found entity 1: gen6mhz
Info (12127): Elaborating entity "top_de1" for the top level hierarchy
Info (12128): Elaborating entity "vga_controller" for hierarchy "vga_controller:inst4"
Info (12128): Elaborating entity "gen6mhz" for hierarchy "gen6mhz:inst1"
Info (12128): Elaborating entity "pre_vga_dac_4" for hierarchy "pre_vga_dac_4:inst"
Info (12128): Elaborating entity "helicopter" for hierarchy "helicopter:inst2"
Info (12128): Elaborating entity "posnew" for hierarchy "helicopter:inst2|posnew:lbl0"
Info (12128): Elaborating entity "pos" for hierarchy "helicopter:inst2|pos:lbl1"
Info (12128): Elaborating entity "draw" for hierarchy "helicopter:inst2|draw:lbl2"
Warning (10492): VHDL Process Statement warning at draw-renderer.vhd(11): signal "y_input" is read inside the Process Statement but isn't in the Process Statement's sensitivity list
Warning (10492): VHDL Process Statement warning at draw-renderer.vhd(17): signal "y_input" is read inside the Process Statement but isn't in the Process Statement's sensitivity list
Warning (10492): VHDL Process Statement warning at draw-renderer.vhd(23): signal "y_input" is read inside the Process Statement but isn't in the Process Statement's sensitivity list
Warning (10492): VHDL Process Statement warning at draw-renderer.vhd(29): signal "y_input" is read inside the Process Statement but isn't in the Process Statement's sensitivity list
Info (12128): Elaborating entity "divider" for hierarchy "divider:inst3"
Info (17049): 1 registers lost all their fanouts during netlist optimizations.
Info (16010): Generating hard_block partition "hard_block:auto_generated_inst"
    Info (16011): Adding 0 node(s), including 0 DDIO, 0 PLL, 0 transceiver and 0 LCELL
Info (21057): Implemented 112 device resources after synthesis - the final resource count might be different
    Info (21058): Implemented 5 input pins
    Info (21059): Implemented 14 output pins
    Info (21061): Implemented 93 logic cells
Info: Quartus II 32-bit Analysis & Synthesis was successful. 0 errors, 4 warnings
    Info: Peak virtual memory: 369 megabytes
    Info: Processing ended: Fri Dec 15 10:40:35 2017
    Info: Elapsed time: 00:00:06
    Info: Total CPU time (on all processors): 00:00:02


